00:37:06 [main] INFO  c.e.h.l.Backend   Starting Backend on LKB with PID 15480 (F:\life\backend\target\classes started by LKB in F:\life\backend)
00:37:06 [main] INFO  c.e.h.l.Backend   The following profiles are active: dev
00:37:07 [main] INFO  c.e.h.l.r.RedisConfig   JedisPool注入成功！！
00:37:07 [main] INFO  c.e.h.l.r.RedisConfig   redis地址：localhost:6379
00:37:08 [main] INFO  c.e.h.l.Backend   Started Backend in 2.204 seconds (JVM running for 2.807)
00:41:37 [main] INFO  c.e.h.l.Backend   Starting Backend on LKB with PID 13592 (F:\life\backend\target\classes started by LKB in F:\life\backend)
00:41:37 [main] INFO  c.e.h.l.Backend   The following profiles are active: dev
00:41:39 [main] WARN  o.s.b.w.s.c.AnnotationConfigServletWebServerApplicationContext   Exception encountered during context initialization - cancelling refresh attempt: org.springframework.beans.factory.BeanCreationException: Error creating bean with name 'buryController': Lookup method resolution failed; nested exception is java.lang.IllegalStateException: Failed to introspect Class [com.example.hugh.life.controller.BuryController] from ClassLoader [sun.misc.Launcher$AppClassLoader@18b4aac2]
00:41:39 [main] ERROR o.s.b.SpringApplication   Application run failedjava.lang.ClassNotFoundException: com.example.hugh.life.controller.arg.CommonArg
	at java.lang.ClassLoader.loadClass(ClassLoader.java:424) [1 skipped]
	at sun.misc.Launcher$AppClassLoader.loadClass(Launcher.java:331)
	at java.lang.ClassLoader.loadClass(ClassLoader.java:357)
	at java.lang.Class.getDeclaredMethods0(Native Method)
	... 25 common frames omitted
Wrapped by: java.lang.NoClassDefFoundError: com/example/hugh/life/controller/arg/CommonArg
	at java.lang.Class.getDeclaredMethods0(Native Method)
	at java.lang.Class.privateGetDeclaredMethods(Class.java:2701)
	at java.lang.Class.getDeclaredMethods(Class.java:1975)
	at com.example.hugh.life.Backend.main(Backend.java:18) [21 skipped]
	... 21 common frames omitted
Wrapped by: java.lang.IllegalStateException: Failed to introspect Class [com.example.hugh.life.controller.BuryController] from ClassLoader [sun.misc.Launcher$AppClassLoader@18b4aac2]
	at com.example.hugh.life.Backend.main(Backend.java:18) [21 skipped]
	... 18 common frames omitted
Wrapped by: org.springframework.beans.factory.BeanCreationException: Error creating bean with name 'buryController': Lookup method resolution failed; nested exception is java.lang.IllegalStateException: Failed to introspect Class [com.example.hugh.life.controller.BuryController] from ClassLoader [sun.misc.Launcher$AppClassLoader@18b4aac2]
	at com.example.hugh.life.Backend.main(Backend.java:18) [18 skipped]

06:25:56 [main] INFO  c.e.h.l.Backend   Starting Backend on LKB with PID 15052 (F:\life\backend\target\classes started by LKB in F:\life\backend)
06:25:56 [main] INFO  c.e.h.l.Backend   The following profiles are active: dev
06:25:58 [main] INFO  c.e.h.l.r.RedisConfig   JedisPool注入成功！！
06:25:58 [main] INFO  c.e.h.l.r.RedisConfig   redis地址：localhost:6379
06:25:58 [main] INFO  c.e.h.l.Backend   Started Backend in 2.701 seconds (JVM running for 3.546)
06:26:36 [http-nio-6060-exec-1] WARN  c.e.h.l.s.i.CurrentWeatherImpl   CurrentWeatherImpl.queryAllUserCurrentWeather begin
06:26:36 [http-nio-6060-exec-1] INFO  c.z.h.HikariDataSource   HikariPool-1 - Starting...
06:26:36 [http-nio-6060-exec-1] WARN  c.z.h.u.DriverDataSource   Registered driver with driverClassName=com.mysql.jdbc.Driver was not found, trying direct instantiation.
06:26:36 [http-nio-6060-exec-1] INFO  c.z.h.HikariDataSource   HikariPool-1 - Start completed.
06:26:36 [http-nio-6060-exec-1] WARN  c.e.h.l.s.i.CurrentWeatherImpl   CurrentWeatherImpl.queryAllUserCurrentWeather end
06:26:36 [http-nio-6060-exec-1] INFO  c.e.h.l.i.LogInterceptor   service finished, serviceName=com.example.hugh.life.controller.WeatherController#callWeather args=[ListWeatherInfoArg(uid=null)] result=ModelResult(errCode=0, errMsg=成功, data=null) duration=135ms
06:26:59 [main] INFO  c.e.h.l.Backend   Starting Backend on LKB with PID 18540 (F:\life\backend\target\classes started by LKB in F:\life\backend)
06:26:59 [main] INFO  c.e.h.l.Backend   The following profiles are active: dev
06:27:01 [main] INFO  c.e.h.l.r.RedisConfig   JedisPool注入成功！！
06:27:01 [main] INFO  c.e.h.l.r.RedisConfig   redis地址：localhost:6379
06:27:01 [main] INFO  c.e.h.l.Backend   Started Backend in 2.392 seconds (JVM running for 2.991)
06:27:08 [http-nio-6060-exec-1] WARN  c.e.h.l.s.i.CurrentWeatherImpl   CurrentWeatherImpl.queryAllUserCurrentWeather begin
06:27:08 [http-nio-6060-exec-1] INFO  c.z.h.HikariDataSource   HikariPool-1 - Starting...
06:27:08 [http-nio-6060-exec-1] WARN  c.z.h.u.DriverDataSource   Registered driver with driverClassName=com.mysql.jdbc.Driver was not found, trying direct instantiation.
06:27:08 [http-nio-6060-exec-1] INFO  c.z.h.HikariDataSource   HikariPool-1 - Start completed.
06:27:08 [http-nio-6060-exec-1] ERROR c.e.h.l.i.LogInterceptor   service exception, serviceName=com.example.hugh.life.controller.WeatherController#callWeather args=[ListWeatherInfoArg(uid=null)] duration=117ms exception:java.sql.SQLSyntaxErrorException: You have an error in your SQL syntax; check the manual that corresponds to your MySQL server version for the right syntax to use near 'null' at line 2
	at com.zaxxer.hikari.pool.ProxyPreparedStatement.execute(ProxyPreparedStatement.java:44) [5 skipped]
	at com.zaxxer.hikari.pool.HikariProxyPreparedStatement.execute(HikariProxyPreparedStatement.java)
	at com.github.pagehelper.PageInterceptor.intercept(PageInterceptor.java:108) [6 skipped]
	at java.lang.reflect.Method.invoke(Method.java:498) [7 skipped]
	at java.lang.reflect.Method.invoke(Method.java:498) [10 skipped]
	at com.example.hugh.life.service.impl.CurrentWeatherImpl.queryAllUserCurrentWeather(CurrentWeatherImpl.java:45) [7 skipped]
	at com.example.hugh.life.controller.WeatherController.callWeather(WeatherController.java:30)
	at com.example.hugh.life.interceptor.LogInterceptor.invoke(LogInterceptor.java:17) [4 skipped]
	at com.example.hugh.life.interceptor.UserInterceptor.invoke(UserInterceptor.java:61) [1 skipped]
	at java.lang.reflect.Method.invoke(Method.java:498) [8 skipped]
 [50 skipped]
	... 85 common frames omitted
Wrapped by: org.springframework.jdbc.BadSqlGrammarException: 
### Error querying database.  Cause: java.sql.SQLSyntaxErrorException: You have an error in your SQL syntax; check the manual that corresponds to your MySQL server version for the right syntax to use near 'null' at line 2
### The error may exist in file [F:\life\backend\target\classes\mapper\location.xml]
### The error may involve com.example.hugh.life.dao.api.LocationDao.queryLocationByUidLimit-Inline
### The error occurred while setting parameters
### SQL: select *from location where uid = ?         order by create_time desc limit ?
### Cause: java.sql.SQLSyntaxErrorException: You have an error in your SQL syntax; check the manual that corresponds to your MySQL server version for the right syntax to use near 'null' at line 2
; bad SQL grammar []; nested exception is java.sql.SQLSyntaxErrorException: You have an error in your SQL syntax; check the manual that corresponds to your MySQL server version for the right syntax to use near 'null' at line 2
	at java.lang.reflect.Method.invoke(Method.java:498) [13 skipped]
	at com.example.hugh.life.service.impl.CurrentWeatherImpl.queryAllUserCurrentWeather(CurrentWeatherImpl.java:45) [7 skipped]
	at com.example.hugh.life.controller.WeatherController.callWeather(WeatherController.java:30)
	at com.example.hugh.life.interceptor.LogInterceptor.invoke(LogInterceptor.java:17) [4 skipped]
	at com.example.hugh.life.interceptor.UserInterceptor.invoke(UserInterceptor.java:61) [1 skipped]
	at java.lang.reflect.Method.invoke(Method.java:498) [8 skipped]
 [50 skipped]

06:27:08 [http-nio-6060-exec-1] ERROR o.a.c.c.C.[.[.[.[dispatcherServlet]   Servlet.service() for servlet [dispatcherServlet] in context with path [] threw exception [Request processing failed; nested exception is org.springframework.jdbc.BadSqlGrammarException: 
### Error querying database.  Cause: java.sql.SQLSyntaxErrorException: You have an error in your SQL syntax; check the manual that corresponds to your MySQL server version for the right syntax to use near 'null' at line 2
### The error may exist in file [F:\life\backend\target\classes\mapper\location.xml]
### The error may involve com.example.hugh.life.dao.api.LocationDao.queryLocationByUidLimit-Inline
### The error occurred while setting parameters
### SQL: select *from location where uid = ?         order by create_time desc limit ?
### Cause: java.sql.SQLSyntaxErrorException: You have an error in your SQL syntax; check the manual that corresponds to your MySQL server version for the right syntax to use near 'null' at line 2
; bad SQL grammar []; nested exception is java.sql.SQLSyntaxErrorException: You have an error in your SQL syntax; check the manual that corresponds to your MySQL server version for the right syntax to use near 'null' at line 2] with root causejava.sql.SQLSyntaxErrorException: You have an error in your SQL syntax; check the manual that corresponds to your MySQL server version for the right syntax to use near 'null' at line 2
	at com.zaxxer.hikari.pool.ProxyPreparedStatement.execute(ProxyPreparedStatement.java:44) [5 skipped]
	at com.zaxxer.hikari.pool.HikariProxyPreparedStatement.execute(HikariProxyPreparedStatement.java)
	at com.github.pagehelper.PageInterceptor.intercept(PageInterceptor.java:108) [6 skipped]
	at java.lang.reflect.Method.invoke(Method.java:498) [7 skipped]
	at java.lang.reflect.Method.invoke(Method.java:498) [10 skipped]
	at com.example.hugh.life.service.impl.CurrentWeatherImpl.queryAllUserCurrentWeather(CurrentWeatherImpl.java:45) [7 skipped]
	at com.example.hugh.life.controller.WeatherController.callWeather(WeatherController.java:30)
	at com.example.hugh.life.interceptor.LogInterceptor.invoke(LogInterceptor.java:17) [4 skipped]
	at com.example.hugh.life.interceptor.UserInterceptor.invoke(UserInterceptor.java:61) [1 skipped]
	at java.lang.reflect.Method.invoke(Method.java:498) [8 skipped]
 [50 skipped]

06:30:33 [main] INFO  c.e.h.l.Backend   Starting Backend on LKB with PID 8840 (F:\life\backend\target\classes started by LKB in F:\life\backend)
06:30:33 [main] INFO  c.e.h.l.Backend   The following profiles are active: dev
06:30:35 [main] INFO  c.e.h.l.r.RedisConfig   JedisPool注入成功！！
06:30:35 [main] INFO  c.e.h.l.r.RedisConfig   redis地址：localhost:6379
06:30:35 [main] INFO  c.e.h.l.Backend   Started Backend in 2.242 seconds (JVM running for 2.863)
06:30:56 [http-nio-6060-exec-1] WARN  c.e.h.l.s.i.CurrentWeatherImpl   CurrentWeatherImpl.queryAllUserCurrentWeather begin
06:30:56 [http-nio-6060-exec-1] INFO  c.z.h.HikariDataSource   HikariPool-1 - Starting...
06:30:56 [http-nio-6060-exec-1] WARN  c.z.h.u.DriverDataSource   Registered driver with driverClassName=com.mysql.jdbc.Driver was not found, trying direct instantiation.
06:30:56 [http-nio-6060-exec-1] INFO  c.z.h.HikariDataSource   HikariPool-1 - Start completed.
07:51:18 [main] INFO  c.e.h.l.Backend   Starting Backend on LKB with PID 2108 (F:\life\backend\target\classes started by LKB in F:\life\backend)
07:51:18 [main] INFO  c.e.h.l.Backend   The following profiles are active: dev
07:51:20 [main] INFO  c.e.h.l.r.RedisConfig   JedisPool注入成功！！
07:51:20 [main] INFO  c.e.h.l.r.RedisConfig   redis地址：localhost:6379
07:51:20 [main] INFO  c.e.h.l.Backend   Started Backend in 2.462 seconds (JVM running for 3.386)
07:51:49 [http-nio-6060-exec-1] INFO  c.z.h.HikariDataSource   HikariPool-1 - Starting...
07:51:49 [http-nio-6060-exec-1] WARN  c.z.h.u.DriverDataSource   Registered driver with driverClassName=com.mysql.jdbc.Driver was not found, trying direct instantiation.
07:51:49 [http-nio-6060-exec-1] INFO  c.z.h.HikariDataSource   HikariPool-1 - Start completed.
07:52:16 [http-nio-6060-exec-1] INFO  c.e.h.l.i.LogInterceptor   service finished, serviceName=com.example.hugh.life.controller.RecommendController#recommendSearchContent args=[RecommendSearchContentArg(userId=0a6a4fac0f2845708c5bfc1be8a25b7b, content=幸福, type=2)] result=ModelResult(errCode=0, errMsg=成功, data=[]) duration=26700ms
07:52:19 [main] INFO  c.e.h.l.Backend   Starting Backend on LKB with PID 16496 (F:\life\backend\target\classes started by LKB in F:\life\backend)
07:52:19 [main] INFO  c.e.h.l.Backend   The following profiles are active: dev
07:52:22 [main] INFO  c.e.h.l.Backend   Starting Backend on LKB with PID 21136 (F:\life\backend\target\classes started by LKB in F:\life\backend)
07:52:22 [main] INFO  c.e.h.l.Backend   The following profiles are active: dev
07:52:24 [main] INFO  c.e.h.l.r.RedisConfig   JedisPool注入成功！！
07:52:24 [main] INFO  c.e.h.l.r.RedisConfig   redis地址：localhost:6379
07:52:24 [main] INFO  c.e.h.l.Backend   Started Backend in 2.407 seconds (JVM running for 3.31)
07:52:34 [http-nio-6060-exec-2] INFO  c.z.h.HikariDataSource   HikariPool-1 - Starting...
07:52:34 [http-nio-6060-exec-2] WARN  c.z.h.u.DriverDataSource   Registered driver with driverClassName=com.mysql.jdbc.Driver was not found, trying direct instantiation.
07:52:34 [http-nio-6060-exec-2] INFO  c.z.h.HikariDataSource   HikariPool-1 - Start completed.
08:02:22 [HikariPool-1 housekeeper] WARN  c.z.h.p.HikariPool   HikariPool-1 - Thread starvation or clock leap detected (housekeeper delta=9m48s391ms445µs25ns).
14:41:35 [main] WARN  o.s.b.t.j.DuplicateJsonObjectContextCustomizerFactory$DuplicateJsonObjectContextCustomizer   

Found multiple occurrences of org.json.JSONObject on the class path:

	jar:file:/C:/Users/LKB/.m2/repository/org/json/json/20170516/json-20170516.jar!/org/json/JSONObject.class
	jar:file:/C:/Users/LKB/.m2/repository/com/vaadin/external/google/android-json/0.0.20131108.vaadin1/android-json-0.0.20131108.vaadin1.jar!/org/json/JSONObject.class

You may wish to exclude one of them to ensure predictable runtime behavior

14:41:35 [main] INFO  c.e.p.y.UserTests   Starting UserTests on LKB with PID 25744 (started by LKB in F:\life\backend)
14:41:35 [main] INFO  c.e.p.y.UserTests   The following profiles are active: dev
14:41:35 [main] WARN  o.s.w.c.s.GenericWebApplicationContext   Exception encountered during context initialization - cancelling refresh attempt: org.springframework.beans.factory.BeanCreationException: Error creating bean with name 'application': Instantiation of bean failed; nested exception is org.springframework.beans.BeanInstantiationException: Failed to instantiate [javafx.application.Application]: Is it an abstract class?; nested exception is java.lang.InstantiationException
14:41:35 [main] ERROR o.s.b.SpringApplication   Application run failedjava.lang.InstantiationException: null
	at java.lang.reflect.Constructor.newInstance(Constructor.java:423) [1 skipped]
 [46 skipped]
	... 45 common frames omitted
Wrapped by: org.springframework.beans.BeanInstantiationException: Failed to instantiate [javafx.application.Application]: Is it an abstract class?; nested exception is java.lang.InstantiationException
 [46 skipped]
	... 43 common frames omitted
Wrapped by: org.springframework.beans.factory.BeanCreationException: Error creating bean with name 'application': Instantiation of bean failed; nested exception is org.springframework.beans.BeanInstantiationException: Failed to instantiate [javafx.application.Application]: Is it an abstract class?; nested exception is java.lang.InstantiationException
 [44 skipped]

14:41:35 [main] ERROR o.s.t.c.TestContextManager   Caught exception while allowing TestExecutionListener [org.springframework.test.context.web.ServletTestExecutionListener@25a6944c] to prepare test instance [com.example.phoebe.youtiao.UserTests@5e1fa5b1]java.lang.InstantiationException: null
	at java.lang.reflect.Constructor.newInstance(Constructor.java:423) [1 skipped]
 [46 skipped]
	... 45 common frames omitted
Wrapped by: org.springframework.beans.BeanInstantiationException: Failed to instantiate [javafx.application.Application]: Is it an abstract class?; nested exception is java.lang.InstantiationException
 [46 skipped]
	... 43 common frames omitted
Wrapped by: org.springframework.beans.factory.BeanCreationException: Error creating bean with name 'application': Instantiation of bean failed; nested exception is org.springframework.beans.BeanInstantiationException: Failed to instantiate [javafx.application.Application]: Is it an abstract class?; nested exception is java.lang.InstantiationException
 [44 skipped]
	... 27 common frames omitted
Wrapped by: java.lang.IllegalStateException: Failed to load ApplicationContext
 [28 skipped]

14:42:01 [main] WARN  o.s.b.t.j.DuplicateJsonObjectContextCustomizerFactory$DuplicateJsonObjectContextCustomizer   

Found multiple occurrences of org.json.JSONObject on the class path:

	jar:file:/C:/Users/LKB/.m2/repository/org/json/json/20170516/json-20170516.jar!/org/json/JSONObject.class
	jar:file:/C:/Users/LKB/.m2/repository/com/vaadin/external/google/android-json/0.0.20131108.vaadin1/android-json-0.0.20131108.vaadin1.jar!/org/json/JSONObject.class

You may wish to exclude one of them to ensure predictable runtime behavior

14:42:01 [main] INFO  c.e.p.y.UserTests   Starting UserTests on LKB with PID 26436 (started by LKB in F:\life\backend)
14:42:01 [main] INFO  c.e.p.y.UserTests   The following profiles are active: dev
14:42:01 [main] WARN  o.s.w.c.s.GenericWebApplicationContext   Exception encountered during context initialization - cancelling refresh attempt: org.springframework.beans.factory.BeanCreationException: Error creating bean with name 'application': Instantiation of bean failed; nested exception is org.springframework.beans.BeanInstantiationException: Failed to instantiate [javafx.application.Application]: Is it an abstract class?; nested exception is java.lang.InstantiationException
14:42:01 [main] ERROR o.s.b.SpringApplication   Application run failedjava.lang.InstantiationException: null
	at java.lang.reflect.Constructor.newInstance(Constructor.java:423) [1 skipped]
 [46 skipped]
	... 45 common frames omitted
Wrapped by: org.springframework.beans.BeanInstantiationException: Failed to instantiate [javafx.application.Application]: Is it an abstract class?; nested exception is java.lang.InstantiationException
 [46 skipped]
	... 43 common frames omitted
Wrapped by: org.springframework.beans.factory.BeanCreationException: Error creating bean with name 'application': Instantiation of bean failed; nested exception is org.springframework.beans.BeanInstantiationException: Failed to instantiate [javafx.application.Application]: Is it an abstract class?; nested exception is java.lang.InstantiationException
 [44 skipped]

14:42:01 [main] ERROR o.s.t.c.TestContextManager   Caught exception while allowing TestExecutionListener [org.springframework.test.context.web.ServletTestExecutionListener@25a6944c] to prepare test instance [com.example.phoebe.youtiao.UserTests@5e1fa5b1]java.lang.InstantiationException: null
	at java.lang.reflect.Constructor.newInstance(Constructor.java:423) [1 skipped]
 [46 skipped]
	... 45 common frames omitted
Wrapped by: org.springframework.beans.BeanInstantiationException: Failed to instantiate [javafx.application.Application]: Is it an abstract class?; nested exception is java.lang.InstantiationException
 [46 skipped]
	... 43 common frames omitted
Wrapped by: org.springframework.beans.factory.BeanCreationException: Error creating bean with name 'application': Instantiation of bean failed; nested exception is org.springframework.beans.BeanInstantiationException: Failed to instantiate [javafx.application.Application]: Is it an abstract class?; nested exception is java.lang.InstantiationException
 [44 skipped]
	... 27 common frames omitted
Wrapped by: java.lang.IllegalStateException: Failed to load ApplicationContext
 [28 skipped]

